17:00:19.878 INFO  Log - Launched URL1: https://www.booking.com/ Driver started successfully
17:00:29.942 INFO  Log - Home Page | Booking.com Cruises
17:00:31.766 INFO  Log - Driver quit successfully.
17:01:48.514 INFO  Log - Launched URL1 or URL2: https://www.booking.com/ https://cruises.booking.com/ Driver started successfully
17:01:57.918 INFO  Log - Home Page | Booking.com Cruises
17:01:59.679 INFO  Log - Driver quit successfully.
12:36:35.819 INFO  Log - Launched URL1 or URL2: https://www.booking.com/|https://cruises.booking.com/ Driver started successfully
12:36:45.622 INFO  Log - Typed location: Niarobi
12:36:45.683 INFO  Log - Captured location value: Niarobi
12:36:47.854 INFO  Log - Driver quit successfully.
12:40:40.775 INFO  Log - Launched URL1 or URL2: https://www.booking.com/|https://cruises.booking.com/ Driver started successfully
12:40:47.119 INFO  Log - Typed location: Niarobi
12:40:47.152 INFO  Log - Captured location value: Niarobi
12:40:47.512 INFO  Log - Selected check in and check out dates
12:40:52.745 INFO  Log - Clicked Search on Home page.
12:40:53.362 INFO  Log - Total hotels found: 28, prices found: 27
12:40:55.689 INFO  Log - Hotel 1: Hotel Nikala Palace
12:40:55.689 INFO  Log - Price for 5 Days: ₹ 19,396
12:40:55.689 INFO  Log - Price for 1 Day: ₹ 3879.2
12:40:55.770 INFO  Log - Hotel 2: AURA Tbilisi Living by DNT Group
12:40:55.770 INFO  Log - Price for 5 Days: ₹ 60,948
12:40:55.770 INFO  Log - Price for 1 Day: ₹ 12189.6
12:40:55.847 INFO  Log - Hotel 3: City Pad on Mtatsminda
12:40:55.847 INFO  Log - Price for 5 Days: ₹ 44,099
12:40:55.847 INFO  Log - Price for 1 Day: ₹ 8819.8
12:40:55.918 INFO  Log - Hotel 4: Highgarden Hotel
12:40:55.918 INFO  Log - Price for 5 Days: ₹ 47,638
12:40:55.918 INFO  Log - Price for 1 Day: ₹ 9527.6
12:40:56.049 INFO  Log - Hotel 5: Noako Rooms Hotel
12:40:56.049 INFO  Log - Price for 5 Days: ₹ 23,275
12:40:56.049 INFO  Log - Price for 1 Day: ₹ 4655.0
12:40:56.103 INFO  Log - Hotel 6: Hotel New Terrace
12:40:56.103 INFO  Log - Price for 5 Days: ₹ 118,793
12:40:56.103 INFO  Log - Price for 1 Day: ₹ 23758.6
12:40:56.162 INFO  Log - Hotel 7: Rivendell Boutique By Umbrella
12:40:56.162 INFO  Log - Price for 5 Days: ₹ 35,133
12:40:56.162 INFO  Log - Price for 1 Day: ₹ 7026.6
12:40:56.212 INFO  Log - Hotel 8: Panorama Hills Apart-Hotel
12:40:56.212 INFO  Log - Price for 5 Days: ₹ 28,609
12:40:56.212 INFO  Log - Price for 1 Day: ₹ 5721.8
12:40:56.272 INFO  Log - Hotel 9: Apart Meidani - Stylish Old Town Apartment with Balcony & Synagogue View
12:40:56.272 INFO  Log - Price for 5 Days: ₹ 58,255
12:40:56.272 INFO  Log - Price for 1 Day: ₹ 11651.0
12:40:56.324 INFO  Log - Hotel 10: beijing`s hotel
12:40:56.325 INFO  Log - Price for 5 Days: ₹ 23,819
12:40:56.325 INFO  Log - Price for 1 Day: ₹ 4763.8
12:40:56.546 INFO  Log - Captured final hotel results screenshot.
12:40:59.089 INFO  Log - Driver quit successfully.
12:41:23.206 INFO  Log - Launched URL1 or URL2: https://www.booking.com/|https://cruises.booking.com/ Driver started successfully
12:41:29.566 INFO  Log - Typed location: Nairobi
12:41:29.596 INFO  Log - Captured location value: Nairobi
12:41:29.952 INFO  Log - Selected check in and check out dates
12:41:34.765 INFO  Log - Clicked Search on Home page.
12:41:35.395 INFO  Log - Clicked Grid view button
12:41:38.453 INFO  Log - Driver quit successfully.
14:53:19.731 INFO  Log - Launched URL1 or URL2: https://www.booking.com/|https://cruises.booking.com/ Driver started successfully
14:53:42.574 INFO  Log - Typed location: Nairobi
14:53:42.604 INFO  Log - Captured location value: Nairobi
14:53:43.046 INFO  Log - Selected check in and check out dates
14:53:51.783 INFO  Log - Clicked Search on Home page.
14:53:52.506 INFO  Log - Total hotels found: 24, prices found: 24
14:53:55.550 INFO  Log - Hotel 1: Urbanwoods Hotel Suites by ICON
14:53:55.550 INFO  Log - Price for 5 Days: ₹ 136,433
14:53:55.550 INFO  Log - Price for 1 Day: ₹ 27286.6
14:53:55.606 INFO  Log - Hotel 2: Marina Bay One bedroom, Swimming Pool, gym, workspace ESKAY HOMES Westland's Nairobi
14:53:55.606 INFO  Log - Price for 5 Days: ₹ 103,732
14:53:55.606 INFO  Log - Price for 1 Day: ₹ 20746.4
14:53:55.665 INFO  Log - Hotel 3: Salonika Villas Boutique Serviced Apartments
14:53:55.665 INFO  Log - Price for 5 Days: ₹ 77,767
14:53:55.665 INFO  Log - Price for 1 Day: ₹ 15553.4
14:53:55.715 INFO  Log - Hotel 4: Olivia homes
14:53:55.715 INFO  Log - Price for 5 Days: ₹ 18,409
14:53:55.715 INFO  Log - Price for 1 Day: ₹ 3681.8
14:53:55.767 INFO  Log - Hotel 5: Kester International Apartment Hotel
14:53:55.767 INFO  Log - Price for 5 Days: ₹ 54,573
14:53:55.767 INFO  Log - Price for 1 Day: ₹ 10914.6
14:53:55.839 INFO  Log - Hotel 6: Riverside One Westlands, Two & Three Bedroom Apartment, Swimming pool, gym, Workspace ,Wonderiss Homes Living
14:53:55.840 INFO  Log - Price for 5 Days: ₹ 66,084
14:53:55.840 INFO  Log - Price for 1 Day: ₹ 13216.8
14:53:55.910 INFO  Log - Hotel 7: Lavington Residences By Trianum
14:53:55.912 INFO  Log - Price for 5 Days: ₹ 71,080
14:53:55.912 INFO  Log - Price for 1 Day: ₹ 14216.0
14:53:55.972 INFO  Log - Hotel 8: Pax Manor Muthaiga
14:53:55.972 INFO  Log - Price for 5 Days: ₹ 388,834
14:53:55.972 INFO  Log - Price for 1 Day: ₹ 77766.8
14:53:56.063 INFO  Log - Hotel 9: Luxury modern Apartment
14:53:56.063 INFO  Log - Price for 5 Days: ₹ 54,573
14:53:56.063 INFO  Log - Price for 1 Day: ₹ 10914.6
14:53:56.117 INFO  Log - Hotel 10: Riverside Square One, Two & Three Bedroom Apartment, Swimming pools, gym, workspace, Wonderiss Homes Westland Living
14:53:56.117 INFO  Log - Price for 5 Days: ₹ 72,263
14:53:56.117 INFO  Log - Price for 1 Day: ₹ 14452.6
14:53:56.400 INFO  Log - Captured final hotel results screenshot.
14:53:59.580 INFO  Log - Driver quit successfully.
15:10:26.086 INFO  Log - Launched URL1 or URL2: https://www.booking.com/|https://cruises.booking.com/ Driver started successfully
15:10:36.770 INFO  Log - Typed location: Nairobi
15:10:36.799 INFO  Log - Captured location value: Nairobi
15:10:37.170 INFO  Log - Selected check in and check out dates
15:10:42.689 INFO  Log - Clicked Search on Home page.
15:10:46.852 INFO  Log - Driver quit successfully.
15:13:03.055 INFO  Log - Launched URL1 or URL2: https://www.booking.com/|https://cruises.booking.com/ Driver started successfully
15:13:11.040 INFO  Log - Typed location: Nairobi
15:13:11.177 INFO  Log - Captured location value: Nairobi
15:13:11.550 INFO  Log - Selected check in and check out dates
15:13:16.301 INFO  Log - Clicked Search on Home page.
15:13:16.885 INFO  Log - Clicked Grid view button
15:13:19.509 INFO  Log - Driver quit successfully.
15:16:18.544 INFO  Log - Launched URL1 or URL2: https://www.booking.com/|https://cruises.booking.com/ Driver started successfully
15:16:24.093 INFO  Log - Typed location: Nairobi
15:16:24.182 INFO  Log - Captured location value: Nairobi
15:16:24.570 INFO  Log - Selected check in and check out dates
15:16:28.895 INFO  Log - Clicked Search on Home page.
15:16:30.104 INFO  Log - Clicked Grid view button
15:16:33.444 INFO  Log - Driver quit successfully.
16:33:03.581 INFO  Log - Launched URL1 or URL2: https://www.booking.com/|https://cruises.booking.com/ Driver started successfully
16:33:13.888 INFO  Log - Typed location: Nairobi
16:33:13.911 INFO  Log - Captured location value: Nairobi
16:33:14.270 INFO  Log - Selected check in and check out dates
16:33:19.200 INFO  Log - Clicked Search on Home page.
16:33:25.236 INFO  Log - Driver quit successfully.
16:34:25.358 INFO  Log - Launched URL1 or URL2: https://www.booking.com/|https://cruises.booking.com/ Driver started successfully
16:34:31.642 INFO  Log - Typed location: Nairobi
16:34:31.663 INFO  Log - Captured location value: Nairobi
16:34:31.975 INFO  Log - Selected check in and check out dates
16:34:36.335 INFO  Log - Clicked Search on Home page.
16:34:36.767 INFO  Log - Total hotels found: 27, prices found: 27
16:34:36.925 INFO  Log - selected 5star hotels
16:34:37.219 INFO  Log - Added 2 bedroom
16:34:39.543 INFO  Log - Driver quit successfully.
16:35:17.815 INFO  Log - Launched URL1 or URL2: https://www.booking.com/|https://cruises.booking.com/ Driver started successfully
16:35:23.345 INFO  Log - Typed location: Nairobi
16:35:23.371 INFO  Log - Captured location value: Nairobi
16:35:23.797 INFO  Log - Selected check in and check out dates
16:35:28.635 INFO  Log - Clicked Search on Home page.
16:35:29.507 INFO  Log - Total hotels found: 27, prices found: 27
16:35:29.798 INFO  Log - selected 5star hotels
16:35:30.416 INFO  Log - Added 2 bedroom
16:37:30.426 INFO  Log - Launched URL1 or URL2: https://www.booking.com/|https://cruises.booking.com/ Driver started successfully
16:37:38.974 INFO  Log - Typed location: Nairobi
16:37:39.001 INFO  Log - Captured location value: Nairobi
16:37:39.449 INFO  Log - Selected check in and check out dates
16:37:45.928 INFO  Log - Clicked Search on Home page.
16:37:47.345 INFO  Log - Clicked Grid view button
10:27:11.961 INFO  Log - Launched URL1 or URL2: https://www.booking.com/|https://cruises.booking.com/ Driver started successfully
10:27:18.696 INFO  Log - Typed location: Nairobi
10:27:18.746 INFO  Log - Captured location value: Nairobi
10:27:19.159 INFO  Log - Selected check in and check out dates
10:27:23.076 INFO  Log - Clicked Search on Home page.
10:27:23.385 INFO  Log - Total hotels found: 2, prices found: 1
10:27:26.219 INFO  Log - Hotel 1: 2 Bedrooms Gym Restaurant Kids Zone Swim
10:27:26.221 INFO  Log - Price for 5 Days: ₹ 24,564
10:27:26.221 INFO  Log - Price for 1 Day: ₹ 4912.8
10:27:27.097 INFO  Log - Hotel data written to Excel file: C:\Users\2464017\IdeaProjects\TripCost_Booking.com/testdata/HotelData.xlsx
10:27:27.285 INFO  Log - Captured final hotel results screenshot.
10:27:29.433 INFO  Log - Driver quit successfully.
10:31:22.024 INFO  Log - Launched URL1 or URL2: https://www.booking.com/|https://cruises.booking.com/ Driver started successfully
10:31:28.371 INFO  Log - Typed location: Nairobi
10:31:28.393 INFO  Log - Captured location value: Nairobi
10:31:28.726 INFO  Log - Selected check in and check out dates
10:31:32.357 INFO  Log - Clicked Search on Home page.
10:31:32.818 INFO  Log - Total hotels found: 2, prices found: 1
10:31:35.143 INFO  Log - Hotel 1: Alya Hotel & Suites Ltd
10:31:35.144 INFO  Log - Price for 5 Days: ₹ 32,751
10:31:35.144 INFO  Log - Price for 1 Day: ₹ 6550.2
10:31:35.842 INFO  Log - All 1 hotel data written to Excel file: C:\Users\2464017\IdeaProjects\TripCost_Booking.com/testdata/HotelData.xlsx
10:31:36.048 INFO  Log - Captured final hotel results screenshot.
10:31:37.922 INFO  Log - Driver quit successfully.
10:33:44.756 INFO  Log - Launched URL1 or URL2: https://www.booking.com/|https://cruises.booking.com/ Driver started successfully
10:33:50.491 INFO  Log - Typed location: Nairobi
10:33:50.512 INFO  Log - Captured location value: Nairobi
10:33:50.801 INFO  Log - Selected check in and check out dates
10:33:57.295 INFO  Log - Clicked Search on Home page.
10:33:57.479 INFO  Log - Total hotels found: 4, prices found: 3
10:33:59.629 INFO  Log - Hotel 1: Alya Hotel & Suites Ltd
10:33:59.630 INFO  Log - Price for 5 Days: ₹ 32,751
10:33:59.630 INFO  Log - Price for 1 Day: ₹ 6550.2
10:33:59.675 INFO  Log - Hotel 2: 1BR Luxury suites near JKIA SGR with pool gym Cityview
10:33:59.675 INFO  Log - Price for 5 Days: ₹ 50,037
10:33:59.676 INFO  Log - Price for 1 Day: ₹ 10007.4
10:33:59.718 INFO  Log - Hotel 3: Pax Manor Muthaiga
10:33:59.718 INFO  Log - Price for 5 Days: ₹ 330,586
10:33:59.718 INFO  Log - Price for 1 Day: ₹ 66117.2
10:34:00.410 INFO  Log - Total 3 hotels written to Excel: C:\Users\2464017\IdeaProjects\TripCost_Booking.com/testdata/HotelData.xlsx
10:34:00.608 INFO  Log - Captured final hotel results screenshot.
10:34:02.503 INFO  Log - Driver quit successfully.
10:40:26.747 INFO  Log - Launched URL1 or URL2: https://www.booking.com/|https://cruises.booking.com/ Driver started successfully
10:40:34.641 INFO  Log - Typed location: Nairobi
10:40:38.919 INFO  Log - Performed Search on Home page.
10:40:39.291 INFO  Log - Total valid hotel entries found: 3
10:40:44.138 INFO  Log - Driver quit successfully.
10:41:01.202 INFO  Log - Launched URL1 or URL2: https://www.booking.com/|https://cruises.booking.com/ Driver started successfully
10:41:07.178 INFO  Log - Typed location: Nairobi
10:41:11.350 INFO  Log - Performed Search on Home page.
10:41:11.869 INFO  Log - Total valid hotel entries found: 4
10:41:16.279 INFO  Log - Driver quit successfully.
10:42:37.388 INFO  Log - Launched URL1 or URL2: https://www.booking.com/|https://cruises.booking.com/ Driver started successfully
10:42:43.358 INFO  Log - Typed location: Nairobi
10:42:47.444 INFO  Log - Performed Search on Home page.
10:42:47.893 INFO  Log - Total valid hotel entries found: 4
10:42:51.266 INFO  Log - Total 4 hotels written to Excel: C:\Users\2464017\IdeaProjects\TripCost_Booking.com/testdata/HotelData.xlsx
10:42:51.437 INFO  Log - Captured final hotel results screenshot.
10:42:53.611 INFO  Log - Driver quit successfully.
10:46:41.149 INFO  Log - Launched URL1 or URL2: https://www.booking.com/|https://cruises.booking.com/ Driver started successfully
10:46:47.102 INFO  Log - Typed location: Nairobi
10:46:47.115 INFO  Log - Captured location value: Nairobi
10:46:47.557 INFO  Log - Selected check in and check out dates
10:46:51.324 INFO  Log - Clicked Search on Home page.
10:46:51.937 INFO  Log - Clicked Grid view button
10:46:52.341 INFO  Log - Grid View button is displayed on the page
10:46:54.120 INFO  Log - Driver quit successfully.
10:50:24.352 INFO  Log - Launched URL1 or URL2: https://www.booking.com/|https://cruises.booking.com/ Driver started successfully
10:50:31.606 INFO  Log - Typed location: Nairobi
10:50:32.414 INFO  Log - Performed Search on Home page.
10:50:36.275 INFO  Log - Total valid hotel entries found: 2
10:50:38.676 INFO  Log - Driver quit successfully.
10:50:58.960 INFO  Log - Launched URL1 or URL2: https://www.booking.com/|https://cruises.booking.com/ Driver started successfully
10:51:05.218 INFO  Log - Typed location: Nairobi
10:51:10.967 INFO  Log - Performed Search on Home page.
10:51:11.212 INFO  Log - Total valid hotel entries found: 28
10:51:13.598 INFO  Log - Driver quit successfully.
10:55:35.527 INFO  Log - Launched URL1 or URL2: https://www.booking.com/|https://cruises.booking.com/ Driver started successfully
10:55:41.141 INFO  Log - Typed location: Nairobi
10:55:44.897 INFO  Log - Performed Search on Home page.
10:55:45.499 INFO  Log - Total valid hotel entries found: 4
10:55:47.862 INFO  Log - Driver quit successfully.
10:56:20.624 INFO  Log - Launched URL1 or URL2: https://www.booking.com/|https://cruises.booking.com/ Driver started successfully
10:56:26.806 INFO  Log - Typed location: Nairobi
10:56:32.708 INFO  Log - Performed Search on Home page.
10:56:33.357 INFO  Log - Total valid hotel entries found: 28
10:56:36.886 INFO  Log - Driver quit successfully.
10:56:52.597 INFO  Log - Launched URL1 or URL2: https://www.booking.com/|https://cruises.booking.com/ Driver started successfully
10:56:58.931 INFO  Log - Typed location: Nairobi
10:57:03.109 INFO  Log - Performed Search on Home page.
10:57:03.816 INFO  Log - Total valid hotel entries found: 4
10:57:06.127 INFO  Log - Driver quit successfully.
10:57:20.811 INFO  Log - Launched URL1 or URL2: https://www.booking.com/|https://cruises.booking.com/ Driver started successfully
10:57:26.749 INFO  Log - Typed location: Nairobi
10:57:30.559 INFO  Log - Performed Search on Home page.
10:57:30.994 INFO  Log - Total valid hotel entries found: 3
10:57:33.706 INFO  Log - Driver quit successfully.
10:58:55.122 INFO  Log - Launched URL1 or URL2: https://www.booking.com/|https://cruises.booking.com/ Driver started successfully
10:59:01.739 INFO  Log - Typed location: Nairobi
10:59:02.453 INFO  Log - Performed Search on Home page.
10:59:06.375 INFO  Log - Total valid hotel entries found: 3
10:59:10.999 INFO  Log - Driver quit successfully.
11:01:53.952 INFO  Log - Launched URL1 or URL2: https://www.booking.com/|https://cruises.booking.com/ Driver started successfully
11:02:01.399 INFO  Log - Typed location: Nairobi
11:02:06.229 INFO  Log - Performed Search on Home page.
11:02:06.811 INFO  Log - Total valid hotel entries found: 28
11:02:11.815 INFO  Log - Driver quit successfully.
11:03:40.238 INFO  Log - Launched URL1 or URL2: https://www.booking.com/|https://cruises.booking.com/ Driver started successfully
11:03:46.750 INFO  Log - Typed location: Nairobi
11:03:46.775 INFO  Log - Captured location value: Nairobi
11:03:47.138 INFO  Log - Selected check in and check out dates
11:03:51.034 INFO  Log - Clicked Search on Home page.
11:03:51.852 INFO  Log - Total hotels found: 5, prices found: 4
11:03:54.435 INFO  Log - Hotel 1: 2 Bedrooms Gym Restaurant Kids Zone Swim
11:03:54.435 INFO  Log - Price for 5 Days: ₹ 24,564
11:03:54.437 INFO  Log - Price for 1 Day: ₹ 4912.8
11:03:54.488 INFO  Log - Hotel 2: Parachichi House, Kilimani
11:03:54.489 INFO  Log - Price for 5 Days: ₹ 20,015
11:03:54.489 INFO  Log - Price for 1 Day: ₹ 4003.0
11:03:54.534 INFO  Log - Hotel 3: Cozy 2bed Apple Tree Apartment Nairobi
11:03:54.534 INFO  Log - Price for 5 Days: ₹ 21,834
11:03:54.534 INFO  Log - Price for 1 Day: ₹ 4366.8
11:03:54.606 INFO  Log - Hotel 4: Cozy Studio Apartment Spa and Safaris
11:03:54.606 INFO  Log - Price for 5 Days: ₹ 43,669
11:03:54.606 INFO  Log - Price for 1 Day: ₹ 8733.8
11:03:54.805 INFO  Log - Captured final hotel results screenshot.
11:03:57.067 INFO  Log - Driver quit successfully.
11:08:42.010 INFO  Log - Launched URL1 or URL2: https://www.booking.com/|https://cruises.booking.com/ Driver started successfully
11:08:48.197 INFO  Log - Typed location: Nairobi
11:08:48.225 INFO  Log - Captured location value: Nairobi
11:08:48.589 INFO  Log - Selected check in and check out dates
11:08:52.385 INFO  Log - Clicked Search on Home page.
11:08:52.903 INFO  Log - Total hotels found: 5, prices found: 4
11:08:55.517 INFO  Log - Hotel 1: 2 Bedrooms Gym Restaurant Kids Zone Swim
11:08:55.517 INFO  Log - Price for 5 Days: ₹ 24,564
11:08:55.519 INFO  Log - Price for 1 Day: ₹ 4912.8
11:08:55.575 INFO  Log - Hotel 2: Parachichi House, Kilimani
11:08:55.575 INFO  Log - Price for 5 Days: ₹ 20,015
11:08:55.575 INFO  Log - Price for 1 Day: ₹ 4003.0
11:08:55.615 INFO  Log - Hotel 3: Cozy 2bed Apple Tree Apartment Nairobi
11:08:55.615 INFO  Log - Price for 5 Days: ₹ 21,834
11:08:55.615 INFO  Log - Price for 1 Day: ₹ 4366.8
11:08:55.654 INFO  Log - Hotel 4: Cozy Studio Apartment Spa and Safaris
11:08:55.654 INFO  Log - Price for 5 Days: ₹ 43,669
11:08:55.654 INFO  Log - Price for 1 Day: ₹ 8733.8
11:08:57.936 INFO  Log - Driver quit successfully.
11:10:46.044 INFO  Log - Launched URL1 or URL2: https://www.booking.com/|https://cruises.booking.com/ Driver started successfully
11:10:53.825 INFO  Log - Typed location: Nairobi
11:10:53.847 INFO  Log - Captured location value: Nairobi
11:10:54.129 INFO  Log - Selected check in and check out dates
11:10:57.171 INFO  Log - Clicked Search on Home page.
11:10:57.505 INFO  Log - Total hotels found: 5, prices found: 4
11:11:00.272 INFO  Log - Hotel 1: Alya Hotel & Suites Ltd
11:11:00.274 INFO  Log - Price for 5 Days: ₹ 32,751
11:11:00.277 INFO  Log - Price for 1 Day: ₹ 6550.2
11:11:00.326 INFO  Log - Hotel 2: 1BR Luxury suites near JKIA SGR with pool gym Cityview
11:11:00.327 INFO  Log - Price for 5 Days: ₹ 50,037
11:11:00.327 INFO  Log - Price for 1 Day: ₹ 10007.4
11:11:00.366 INFO  Log - Hotel 3: Pax Manor Muthaiga
11:11:00.366 INFO  Log - Price for 5 Days: ₹ 330,586
11:11:00.366 INFO  Log - Price for 1 Day: ₹ 66117.2
11:11:00.415 INFO  Log - Hotel 4: Pan Pacific Serviced Suites Nairobi
11:11:00.415 INFO  Log - Price for 5 Days: ₹ 162,325
11:11:00.416 INFO  Log - Price for 1 Day: ₹ 32465.0
11:11:01.239 INFO  Log - Hotel list written to Excel: test-output/HotelList.xlsx
11:11:01.425 INFO  Log - Captured final hotel results screenshot.
11:11:03.535 INFO  Log - Driver quit successfully.
11:41:15.319 INFO  Log - Launched URL1 or URL2: https://www.booking.com/|https://cruises.booking.com/ Driver started successfully
11:41:37.835 INFO  Log -  
			Owner's Suite - 2 Bedroom
			
			Deck: Deck 7,Deck 8,Deck 9
							
			Category: OTSize: 584 sq. ft.; Balcony: 191 sq. ft.Occupancy: Up to 8 guestsAmenities: Two bedrooms with two twin beds that convert to Royal King (one room with third and fourth Pullman beds), two bathrooms (one with shower, one with bathtub), living area with double sofa bed, private balcony, walk-in closet, vanity area, mini-bar, flat-screen TV, mini-safe, radio, telephone, hairdryer, and concierge service. Additional suite amenities include dedicated check-in lines at embarkation and priority departure with exclusive suite departure lounge, reserved VIP seating in the main theater for entertainment shows and priority bookings for appointments in the salon and spa, as well as for tendering and shore excursion tickets, access to Barefoot Beach in Labadee, complimentary 24-hour room service, access to the Concierge Club with concierge assistance, welcome bottle of Chandon, still water, and sparkling water, welcome fruit plate, luxury bathrobes for use onboard, exclusive bath amenities, pillow menu, and more.
		 -> Deck: Deck 7,Deck 8,Deck 9
11:41:37.836 INFO  Log -  
			Owner's Suite - 1 Bedroom
			
			Deck: Deck 10
							
			Category: OSSize: 512 sq. ft.; Balcony: 57 sq. ft.Occupancy: Up to 4 guestsAmenities: Queen-size bed, private balcony, private bathroom with whirlpool tub, double sinks, separate shower and bidet, separate living area with double sofa bed, walk-in closet, vanity area, mini-bar, flat-screen TV, mini-safe, radio, telephone, hairdryer, and concierge service. Additional suite amenities include dedicated check-in lines at embarkation and priority departure with exclusive suite departure lounge, reserved VIP seating in the main theater for entertainment shows and priority bookings for appointments in the salon and spa, as well as for tendering and shore excursion tickets, access to Barefoot Beach in Labadee, complimentary 24-hour room service, access to the Concierge Club with concierge assistance, welcome bottle of Chandon, still water, and sparkling water, welcome fruit plate, luxury bathrobes for use onboard, exclusive bath amenities, pillow menu, and more.
		 -> Deck: Deck 10
11:41:37.836 INFO  Log -  
			Grand Suite - 1 Bedroom
			
			Deck: Deck 10
							
			Category: GSSize: 385 sq. ft.; Balcony: 106 sq. ft.Occupancy: Up to 4 guestsAmenities: Two twin beds that convert to Royal King, private balcony, sitting area with double sofa bed, private bathroom with tub and double sink, vanity area, mini-bar, flat-screen TV, mini-safe, radio, telephone, hairdryer, and concierge service. Additional suite amenities include dedicated check-in lines at embarkation and priority departure with exclusive suite departure lounge, reserved VIP seating in the main theater for entertainment shows and priority bookings for appointments in the salon and spa, as well as for tendering and shore excursion tickets, access to Barefoot Beach in Labadee, complimentary 24-hour room service, access to the Concierge Club with concierge assistance, welcome bottle of Chandon, still water, and sparkling water, welcome fruit plate, luxury bathrobes for use onboard, exclusive bath amenities, pillow menu, and more.
		 -> Deck: Deck 10
11:41:37.836 INFO  Log -  
			Junior Suite
			
			Deck: Deck 10
							
			Category: J3Size: 299 sq. ft.; Balcony: 41 sq. ft.Occupancy: Up to 4 guestsAmenities: Two twin beds that convert to Royal King, private balcony, private bathroom with tub and shower, sitting area with sofa bed, vanity area, mini-bar, flat-screen TV, mini-safe, radio, telephone, and a hairdryer.Please Note: Staterooms 1098 and 1598 have obstructed views.Wheelchair Accessible Staterooms: 1028 and 1528. (362 sq. ft.; Balcony 86 sq. ft.)Wheelchair Accessible Amenities: Open bed frames, wider entry door, turning spaces, sitting area with lowered vanity, closet rods and private bathroom with a wider door, roll-in shower, grab bars, fold-down shower bench, hand-held shower head, raised toilet, and a lowered sink.Please Note: Royal Caribbean requires guests booked in this category to acknowledge need for the accessible stateroom by completing a Guest Special Needs Form.
		 -> Deck: Deck 10
11:41:37.836 INFO  Log -  
			Ocean View Suite - 2 Bedroom (No Balcony)
			
			Deck: Deck 10
							
			Category: VTSize: 592 sq. ft.Occupancy: Up to 8 guestsAmenities: Two bedrooms. Master with two twin beds that convert to Royal King and private bathroom with tub; second bedroom with four pullman beds and living area with double sofa bed, additional bathroom with shower, vanity area, mini-bar, flat-screen TV, mini-safe, radio, telephone, and a hairdryer.
		 -> Deck: Deck 10
11:41:37.836 INFO  Log -  
			Suite Guarantee
							
			Please note that this is a 'guarantee' rate.By booking this category, you are guaranteed a suite for this sailing at this rate. However, this rate is not associated with a specific stateroom, deck, or bedding configuration.Staterooms may be located anywhere on this ship.You will be assigned a specific suite at check-in.
		 -> Please note that this is a 'guarantee' rate.By booking this category, you are guaranteed a suite for this sailing at this rate. However, this rate is not associated with a specific stateroom, deck, or bedding configuration.Staterooms may be located anywhere on this ship.You will be assigned a specific suite at check-in.
11:41:37.836 INFO  Log -  
			Spacious Sunset Ocean View Balcony
			
			Deck: Deck 7,Deck 8,Deck 9,Deck 10
							
			Category: SGSize: 204 sq. ft.; Balcony: 41 sq. ft.Occupancy: 2 guests standardAmenities: Two twin beds that convert to Royal King, aft-facing private balcony, sitting area with sofa, private bathroom with shower, vanity area, mini-bar, flat-screen TV, mini-safe, radio, telephone, and a hairdryer.
		 -> Deck: Deck 7,Deck 8,Deck 9,Deck 10
11:41:37.836 INFO  Log -  
			Spacious Ocean View Balcony
			
			Deck: Deck 9,Deck 10
							
			Category: 1BSize: 204 sq. ft.; Balcony: 41 sq. ft.Occupancy: Up to 4 guestsAmenities: Two twin beds that convert to Royal King, private balcony, sitting area with double sofa bed, or some stateooms have single sofa bed and one Pullman bed, or sitting area with sofa and two Pullman beds, private bathroom with shower, vanity area, mini-bar, flat-screen TV, mini-safe, radio, telephone, and a hairdryer.Please Note: Stateroom 9050 has obstructed views.
		 -> Deck: Deck 9,Deck 10
11:41:37.836 INFO  Log -  
			Spacious Ocean View Balcony
			
			Deck: Deck 9
							
			Category: 2BSize: 204 sq. ft.; Balcony: 41 sq. ft.Occupancy: 2 guests standardAmenities: Two twin beds that convert to Royal King, a private balcony, sitting area with sofa, private bathroom with shower, vanity area, mini-bar, flat-screen TV, mini-safe, radio, telephone, and a hairdryer.
		 -> Deck: Deck 9
11:41:37.836 INFO  Log -  
			Spacious Ocean View Balcony
			
			Deck: Deck 9,Deck 10
							
			Category: 3BSize: 204 sq. ft.; Balcony: 41 sq. ft.Occupancy: Up to 4 guestsAmenities: Two twin beds that convert to Royal King, private balcony, sitting area with double sofa bed, or some stateooms have sitting area with sofa and two Pullman beds, private bathroom with shower, vanity area, mini-bar, flat-screen TV, mini-safe, radio, telephone, and a hairdryer.Please Note: Staterooms 9252 and 9652 have obstructed views.
		 -> Deck: Deck 9,Deck 10
11:41:38.301 INFO  Log - SuccessFull Print of Stats Of Cruise
11:41:39.713 INFO  Log - Driver quit successfully.
14:13:30.924 INFO  Log - Launched URL1 or URL2: https://www.booking.com/|https://cruises.booking.com/ Driver started successfully
14:13:57.121 INFO  Log - Presence of Header is Verified
14:14:00.055 INFO  Log - Number of Crew, Nationality : 859, International
14:14:00.088 INFO  Log - Capacity : 2112
14:14:00.088 INFO  Log - Presence of Elevators is valid: 4
14:14:02.233 INFO  Log - Driver quit successfully.
16:12:23.886 INFO  Log - Launched URL1 or URL2: https://www.booking.com/|https://cruises.booking.com/ Driver started successfully
16:12:44.098 INFO  Log - Test for Suit Element Passed
16:12:46.494 INFO  Log - Driver quit successfully.
16:12:48.400 INFO  Log - Launched URL1 or URL2: https://www.booking.com/|https://cruises.booking.com/ Driver started successfully
16:13:06.476 INFO  Log -  
			Owner's Suite - 2 Bedroom
			
			Deck: Deck 7,Deck 8,Deck 9
							
			Category: OTSize: 584 sq. ft.; Balcony: 191 sq. ft.Occupancy: Up to 8 guestsAmenities: Two bedrooms with two twin beds that convert to Royal King (one room with third and fourth Pullman beds), two bathrooms (one with shower, one with bathtub), living area with double sofa bed, private balcony, walk-in closet, vanity area, mini-bar, flat-screen TV, mini-safe, radio, telephone, hairdryer, and concierge service. Additional suite amenities include dedicated check-in lines at embarkation and priority departure with exclusive suite departure lounge, reserved VIP seating in the main theater for entertainment shows and priority bookings for appointments in the salon and spa, as well as for tendering and shore excursion tickets, access to Barefoot Beach in Labadee, complimentary 24-hour room service, access to the Concierge Club with concierge assistance, welcome bottle of Chandon, still water, and sparkling water, welcome fruit plate, luxury bathrobes for use onboard, exclusive bath amenities, pillow menu, and more.
		 -> Deck: Deck 7,Deck 8,Deck 9
16:13:06.477 INFO  Log -  
			Owner's Suite - 1 Bedroom
			
			Deck: Deck 10
							
			Category: OSSize: 512 sq. ft.; Balcony: 57 sq. ft.Occupancy: Up to 4 guestsAmenities: Queen-size bed, private balcony, private bathroom with whirlpool tub, double sinks, separate shower and bidet, separate living area with double sofa bed, walk-in closet, vanity area, mini-bar, flat-screen TV, mini-safe, radio, telephone, hairdryer, and concierge service. Additional suite amenities include dedicated check-in lines at embarkation and priority departure with exclusive suite departure lounge, reserved VIP seating in the main theater for entertainment shows and priority bookings for appointments in the salon and spa, as well as for tendering and shore excursion tickets, access to Barefoot Beach in Labadee, complimentary 24-hour room service, access to the Concierge Club with concierge assistance, welcome bottle of Chandon, still water, and sparkling water, welcome fruit plate, luxury bathrobes for use onboard, exclusive bath amenities, pillow menu, and more.
		 -> Deck: Deck 10
16:13:06.478 INFO  Log -  
			Grand Suite - 1 Bedroom
			
			Deck: Deck 10
							
			Category: GSSize: 385 sq. ft.; Balcony: 106 sq. ft.Occupancy: Up to 4 guestsAmenities: Two twin beds that convert to Royal King, private balcony, sitting area with double sofa bed, private bathroom with tub and double sink, vanity area, mini-bar, flat-screen TV, mini-safe, radio, telephone, hairdryer, and concierge service. Additional suite amenities include dedicated check-in lines at embarkation and priority departure with exclusive suite departure lounge, reserved VIP seating in the main theater for entertainment shows and priority bookings for appointments in the salon and spa, as well as for tendering and shore excursion tickets, access to Barefoot Beach in Labadee, complimentary 24-hour room service, access to the Concierge Club with concierge assistance, welcome bottle of Chandon, still water, and sparkling water, welcome fruit plate, luxury bathrobes for use onboard, exclusive bath amenities, pillow menu, and more.
		 -> Deck: Deck 10
16:13:06.478 INFO  Log -  
			Junior Suite
			
			Deck: Deck 10
							
			Category: J3Size: 299 sq. ft.; Balcony: 41 sq. ft.Occupancy: Up to 4 guestsAmenities: Two twin beds that convert to Royal King, private balcony, private bathroom with tub and shower, sitting area with sofa bed, vanity area, mini-bar, flat-screen TV, mini-safe, radio, telephone, and a hairdryer.Please Note: Staterooms 1098 and 1598 have obstructed views.Wheelchair Accessible Staterooms: 1028 and 1528. (362 sq. ft.; Balcony 86 sq. ft.)Wheelchair Accessible Amenities: Open bed frames, wider entry door, turning spaces, sitting area with lowered vanity, closet rods and private bathroom with a wider door, roll-in shower, grab bars, fold-down shower bench, hand-held shower head, raised toilet, and a lowered sink.Please Note: Royal Caribbean requires guests booked in this category to acknowledge need for the accessible stateroom by completing a Guest Special Needs Form.
		 -> Deck: Deck 10
16:13:06.478 INFO  Log -  
			Ocean View Suite - 2 Bedroom (No Balcony)
			
			Deck: Deck 10
							
			Category: VTSize: 592 sq. ft.Occupancy: Up to 8 guestsAmenities: Two bedrooms. Master with two twin beds that convert to Royal King and private bathroom with tub; second bedroom with four pullman beds and living area with double sofa bed, additional bathroom with shower, vanity area, mini-bar, flat-screen TV, mini-safe, radio, telephone, and a hairdryer.
		 -> Deck: Deck 10
16:13:06.478 INFO  Log -  
			Suite Guarantee
							
			Please note that this is a 'guarantee' rate.By booking this category, you are guaranteed a suite for this sailing at this rate. However, this rate is not associated with a specific stateroom, deck, or bedding configuration.Staterooms may be located anywhere on this ship.You will be assigned a specific suite at check-in.
		 -> Please note that this is a 'guarantee' rate.By booking this category, you are guaranteed a suite for this sailing at this rate. However, this rate is not associated with a specific stateroom, deck, or bedding configuration.Staterooms may be located anywhere on this ship.You will be assigned a specific suite at check-in.
16:13:06.478 INFO  Log -  
			Spacious Sunset Ocean View Balcony
			
			Deck: Deck 7,Deck 8,Deck 9,Deck 10
							
			Category: SGSize: 204 sq. ft.; Balcony: 41 sq. ft.Occupancy: 2 guests standardAmenities: Two twin beds that convert to Royal King, aft-facing private balcony, sitting area with sofa, private bathroom with shower, vanity area, mini-bar, flat-screen TV, mini-safe, radio, telephone, and a hairdryer.
		 -> Deck: Deck 7,Deck 8,Deck 9,Deck 10
16:13:06.478 INFO  Log -  
			Spacious Ocean View Balcony
			
			Deck: Deck 9,Deck 10
							
			Category: 1BSize: 204 sq. ft.; Balcony: 41 sq. ft.Occupancy: Up to 4 guestsAmenities: Two twin beds that convert to Royal King, private balcony, sitting area with double sofa bed, or some stateooms have single sofa bed and one Pullman bed, or sitting area with sofa and two Pullman beds, private bathroom with shower, vanity area, mini-bar, flat-screen TV, mini-safe, radio, telephone, and a hairdryer.Please Note: Stateroom 9050 has obstructed views.
		 -> Deck: Deck 9,Deck 10
16:13:06.479 INFO  Log -  
			Spacious Ocean View Balcony
			
			Deck: Deck 9
							
			Category: 2BSize: 204 sq. ft.; Balcony: 41 sq. ft.Occupancy: 2 guests standardAmenities: Two twin beds that convert to Royal King, a private balcony, sitting area with sofa, private bathroom with shower, vanity area, mini-bar, flat-screen TV, mini-safe, radio, telephone, and a hairdryer.
		 -> Deck: Deck 9
16:13:06.479 INFO  Log -  
			Spacious Ocean View Balcony
			
			Deck: Deck 9,Deck 10
							
			Category: 3BSize: 204 sq. ft.; Balcony: 41 sq. ft.Occupancy: Up to 4 guestsAmenities: Two twin beds that convert to Royal King, private balcony, sitting area with double sofa bed, or some stateooms have sitting area with sofa and two Pullman beds, private bathroom with shower, vanity area, mini-bar, flat-screen TV, mini-safe, radio, telephone, and a hairdryer.Please Note: Staterooms 9252 and 9652 have obstructed views.
		 -> Deck: Deck 9,Deck 10
16:13:07.282 INFO  Log - SuccessFull Print of Stats Of Cruise
16:13:09.750 INFO  Log - Driver quit successfully.
16:13:11.631 INFO  Log - Launched URL1 or URL2: https://www.booking.com/|https://cruises.booking.com/ Driver started successfully
16:13:29.518 INFO  Log - Presence of Header is Verified
16:13:31.383 INFO  Log - Number of Crew, Nationality : 859, International
16:13:31.419 INFO  Log - Capacity : 2112
16:13:31.420 INFO  Log - Presence of Elevators is valid: 4
16:13:33.508 INFO  Log - Driver quit successfully.
16:13:35.373 INFO  Log - Launched URL1 or URL2: https://www.booking.com/|https://cruises.booking.com/ Driver started successfully
16:13:51.353 INFO  Log - <STATS Of Ship >
16:13:52.582 INFO  Log - Dining
16:13:52.583 INFO  Log - My Family Time Dining
16:13:52.583 INFO  Log - Tides Dining Room
16:13:52.583 INFO  Log - Chef's Table
16:13:52.583 INFO  Log - Giovanni's Table
16:13:52.583 INFO  Log - Chops Grille
16:13:52.583 INFO  Log - Izumi
16:13:52.583 INFO  Log - Windjammer Cafe
16:13:52.583 INFO  Log - Sorrento's Pizza
16:13:52.583 INFO  Log - Cafe Latte-tudes
16:13:52.583 INFO  Log - Crown Lounge
16:13:52.583 INFO  Log - 
			Ship Statistics
			
					
					Name : Jewel of the Seas
					
					Registry : Bahamas
					
					Builder : Meyer Werft
					
					Country Built In : Germany
					
					Ship Completed Date : 5/8/2004
					
					Christened By : Kathy Mellor
					
					Call Letters : C6FW9
					
					Refurbished Date : 1/1/2016
					
					Capacity : 2112
					
					Number of Crew, Nationality : 859, International
					
					Gross Tonnage : 90090
					
					Stabilized : Yes
					
					Average Speed : 25 knots
				
			
			
					
					Maximum Speed : 25 knots
					
					Length : 962 feet
					
					Beam : 105.6 feet
					
					Number of Passenger Decks : 12
					
					Number of Inside Rooms : 238
					
					Number of Outside Rooms : 817
					
					Number of Restaurants : 5
					
					Number of Pools : 3
					
					Number of Elevators : 4
					
					Voltage : 110/220
					
					Non-Smoking Dining : Yes
					
					Non-Smoking Ship : No
				
			
		
16:13:54.871 INFO  Log - Driver quit successfully.
16:13:56.658 INFO  Log - Launched URL1 or URL2: https://www.booking.com/|https://cruises.booking.com/ Driver started successfully
16:14:12.655 INFO  Log - TC-18: Validate price/currency token on cruise details page
16:14:13.528 INFO  Log - TC-20 PASSED: Price/currency token detected.
16:14:15.633 INFO  Log - Driver quit successfully.
16:14:17.622 INFO  Log - Launched URL1 or URL2: https://www.booking.com/|https://cruises.booking.com/ Driver started successfully
16:14:32.032 INFO  Log - Gallery viewed Successfully
16:14:34.340 INFO  Log - Driver quit successfully.
16:14:55.646 INFO  Log - Launched URL1 or URL2: https://www.booking.com/|https://cruises.booking.com/ Driver started successfully
16:15:12.799 INFO  Log -  
			Owner's Suite - 2 Bedroom
			
			Deck: Deck 7,Deck 8,Deck 9
							
			Category: OTSize: 584 sq. ft.; Balcony: 191 sq. ft.Occupancy: Up to 8 guestsAmenities: Two bedrooms with two twin beds that convert to Royal King (one room with third and fourth Pullman beds), two bathrooms (one with shower, one with bathtub), living area with double sofa bed, private balcony, walk-in closet, vanity area, mini-bar, flat-screen TV, mini-safe, radio, telephone, hairdryer, and concierge service. Additional suite amenities include dedicated check-in lines at embarkation and priority departure with exclusive suite departure lounge, reserved VIP seating in the main theater for entertainment shows and priority bookings for appointments in the salon and spa, as well as for tendering and shore excursion tickets, access to Barefoot Beach in Labadee, complimentary 24-hour room service, access to the Concierge Club with concierge assistance, welcome bottle of Chandon, still water, and sparkling water, welcome fruit plate, luxury bathrobes for use onboard, exclusive bath amenities, pillow menu, and more.
		 -> Deck: Deck 7,Deck 8,Deck 9
16:15:12.801 INFO  Log -  
			Owner's Suite - 1 Bedroom
			
			Deck: Deck 10
							
			Category: OSSize: 512 sq. ft.; Balcony: 57 sq. ft.Occupancy: Up to 4 guestsAmenities: Queen-size bed, private balcony, private bathroom with whirlpool tub, double sinks, separate shower and bidet, separate living area with double sofa bed, walk-in closet, vanity area, mini-bar, flat-screen TV, mini-safe, radio, telephone, hairdryer, and concierge service. Additional suite amenities include dedicated check-in lines at embarkation and priority departure with exclusive suite departure lounge, reserved VIP seating in the main theater for entertainment shows and priority bookings for appointments in the salon and spa, as well as for tendering and shore excursion tickets, access to Barefoot Beach in Labadee, complimentary 24-hour room service, access to the Concierge Club with concierge assistance, welcome bottle of Chandon, still water, and sparkling water, welcome fruit plate, luxury bathrobes for use onboard, exclusive bath amenities, pillow menu, and more.
		 -> Deck: Deck 10
16:15:12.801 INFO  Log -  
			Grand Suite - 1 Bedroom
			
			Deck: Deck 10
							
			Category: GSSize: 385 sq. ft.; Balcony: 106 sq. ft.Occupancy: Up to 4 guestsAmenities: Two twin beds that convert to Royal King, private balcony, sitting area with double sofa bed, private bathroom with tub and double sink, vanity area, mini-bar, flat-screen TV, mini-safe, radio, telephone, hairdryer, and concierge service. Additional suite amenities include dedicated check-in lines at embarkation and priority departure with exclusive suite departure lounge, reserved VIP seating in the main theater for entertainment shows and priority bookings for appointments in the salon and spa, as well as for tendering and shore excursion tickets, access to Barefoot Beach in Labadee, complimentary 24-hour room service, access to the Concierge Club with concierge assistance, welcome bottle of Chandon, still water, and sparkling water, welcome fruit plate, luxury bathrobes for use onboard, exclusive bath amenities, pillow menu, and more.
		 -> Deck: Deck 10
16:15:12.801 INFO  Log -  
			Junior Suite
			
			Deck: Deck 10
							
			Category: J3Size: 299 sq. ft.; Balcony: 41 sq. ft.Occupancy: Up to 4 guestsAmenities: Two twin beds that convert to Royal King, private balcony, private bathroom with tub and shower, sitting area with sofa bed, vanity area, mini-bar, flat-screen TV, mini-safe, radio, telephone, and a hairdryer.Please Note: Staterooms 1098 and 1598 have obstructed views.Wheelchair Accessible Staterooms: 1028 and 1528. (362 sq. ft.; Balcony 86 sq. ft.)Wheelchair Accessible Amenities: Open bed frames, wider entry door, turning spaces, sitting area with lowered vanity, closet rods and private bathroom with a wider door, roll-in shower, grab bars, fold-down shower bench, hand-held shower head, raised toilet, and a lowered sink.Please Note: Royal Caribbean requires guests booked in this category to acknowledge need for the accessible stateroom by completing a Guest Special Needs Form.
		 -> Deck: Deck 10
16:15:12.802 INFO  Log -  
			Ocean View Suite - 2 Bedroom (No Balcony)
			
			Deck: Deck 10
							
			Category: VTSize: 592 sq. ft.Occupancy: Up to 8 guestsAmenities: Two bedrooms. Master with two twin beds that convert to Royal King and private bathroom with tub; second bedroom with four pullman beds and living area with double sofa bed, additional bathroom with shower, vanity area, mini-bar, flat-screen TV, mini-safe, radio, telephone, and a hairdryer.
		 -> Deck: Deck 10
16:15:12.802 INFO  Log -  
			Suite Guarantee
							
			Please note that this is a 'guarantee' rate.By booking this category, you are guaranteed a suite for this sailing at this rate. However, this rate is not associated with a specific stateroom, deck, or bedding configuration.Staterooms may be located anywhere on this ship.You will be assigned a specific suite at check-in.
		 -> Please note that this is a 'guarantee' rate.By booking this category, you are guaranteed a suite for this sailing at this rate. However, this rate is not associated with a specific stateroom, deck, or bedding configuration.Staterooms may be located anywhere on this ship.You will be assigned a specific suite at check-in.
16:15:12.802 INFO  Log -  
			Spacious Sunset Ocean View Balcony
			
			Deck: Deck 7,Deck 8,Deck 9,Deck 10
							
			Category: SGSize: 204 sq. ft.; Balcony: 41 sq. ft.Occupancy: 2 guests standardAmenities: Two twin beds that convert to Royal King, aft-facing private balcony, sitting area with sofa, private bathroom with shower, vanity area, mini-bar, flat-screen TV, mini-safe, radio, telephone, and a hairdryer.
		 -> Deck: Deck 7,Deck 8,Deck 9,Deck 10
16:15:12.802 INFO  Log -  
			Spacious Ocean View Balcony
			
			Deck: Deck 9,Deck 10
							
			Category: 1BSize: 204 sq. ft.; Balcony: 41 sq. ft.Occupancy: Up to 4 guestsAmenities: Two twin beds that convert to Royal King, private balcony, sitting area with double sofa bed, or some stateooms have single sofa bed and one Pullman bed, or sitting area with sofa and two Pullman beds, private bathroom with shower, vanity area, mini-bar, flat-screen TV, mini-safe, radio, telephone, and a hairdryer.Please Note: Stateroom 9050 has obstructed views.
		 -> Deck: Deck 9,Deck 10
16:15:12.802 INFO  Log -  
			Spacious Ocean View Balcony
			
			Deck: Deck 9
							
			Category: 2BSize: 204 sq. ft.; Balcony: 41 sq. ft.Occupancy: 2 guests standardAmenities: Two twin beds that convert to Royal King, a private balcony, sitting area with sofa, private bathroom with shower, vanity area, mini-bar, flat-screen TV, mini-safe, radio, telephone, and a hairdryer.
		 -> Deck: Deck 9
16:15:12.803 INFO  Log -  
			Spacious Ocean View Balcony
			
			Deck: Deck 9,Deck 10
							
			Category: 3BSize: 204 sq. ft.; Balcony: 41 sq. ft.Occupancy: Up to 4 guestsAmenities: Two twin beds that convert to Royal King, private balcony, sitting area with double sofa bed, or some stateooms have sitting area with sofa and two Pullman beds, private bathroom with shower, vanity area, mini-bar, flat-screen TV, mini-safe, radio, telephone, and a hairdryer.Please Note: Staterooms 9252 and 9652 have obstructed views.
		 -> Deck: Deck 9,Deck 10
16:15:13.484 INFO  Log - SuccessFull Print of Stats Of Cruise
16:15:16.033 INFO  Log - Driver quit successfully.
